<?xml version="1.0" encoding="UTF-8"?>
<testsuite xmlns:xsi="http://www.w3.org/2001/XMLSchema-instance" xsi:noNamespaceSchemaLocation="https://maven.apache.org/surefire/maven-surefire-plugin/xsd/surefire-test-report.xsd" version="3.0.2" name="jha.spring.springquicklystart.SpringQuicklyStartApplicationTests" time="4.391" tests="9" errors="0" skipped="0" failures="0">
  <properties>
[...]
</properties>
  <testcase name="JWTDecoderTest" classname="jha.spring.springquicklystart.SpringQuicklyStartApplicationTests" time="0.847">
    <system-out><![CDATA[17:09:04.875 [main] INFO org.springframework.test.context.support.AnnotationConfigContextLoaderUtils -- Could not detect default configuration classes for test class [jha.spring.springquicklystart.SpringQuicklyStartApplicationTests]: SpringQuicklyStartApplicationTests does not declare any static, non-private, non-final, nested classes annotated with @Configuration.
17:09:04.949 [main] INFO org.springframework.boot.test.context.SpringBootTestContextBootstrapper -- Found @SpringBootConfiguration jha.spring.springquicklystart.SpringQuicklyStartApplication for test class jha.spring.springquicklystart.SpringQuicklyStartApplicationTests

  .   ____          _            __ _ _
 /\\ / ___'_ __ _ _(_)_ __  __ _ \ \ \ \
( ( )\___ | '_ | '_| | '_ \/ _` | \ \ \ \
 \\/  ___)| |_)| | | | | || (_| |  ) ) ) )
  '  |____| .__|_| |_|_| |_\__, | / / / /
 =========|_|==============|___/=/_/_/_/

 :: Spring Boot ::                (v3.4.1)

2025-03-18T17:09:05.241+08:00  INFO 17444 --- [           main] j.s.s.SpringQuicklyStartApplicationTests : Starting SpringQuicklyStartApplicationTests using Java 17.0.10 with PID 17444 (started by JHA in D:\JAVA\JavaWeb\JavaBackground\SpringLearn\Spring-QuicklyStart)
2025-03-18T17:09:05.242+08:00  INFO 17444 --- [           main] j.s.s.SpringQuicklyStartApplicationTests : No active profile set, falling back to 1 default profile: "default"
Logging initialized using 'class org.apache.ibatis.logging.stdout.StdOutImpl' adapter.


,------.                           ,--.  ,--.         ,--.                         
|  .--. '  ,--,--.  ,---.   ,---.  |  '--'  |  ,---.  |  |  ,---.   ,---.  ,--.--. 
|  '--' | ' ,-.  | | .-. | | .-. : |  .--.  | | .-. : |  | | .-. | | .-. : |  .--' 
|  | --'  \ '-'  | ' '-' ' \   --. |  |  |  | \   --. |  | | '-' ' \   --. |  |    
`--'       `--`--' .`-  /   `----' `--'  `--'  `----' `--' |  |-'   `----' `--'    
                   `---'                                   `--'                        is intercepting.

2025-03-18T17:09:07.240+08:00  INFO 17444 --- [           main] j.s.s.SpringQuicklyStartApplicationTests : Started SpringQuicklyStartApplicationTests in 2.187 seconds (process running for 2.803)
解密失败：The Token has expired on 2025-02-24T09:14:34Z.
]]></system-out>
  </testcase>
  <testcase name="UUIDTest" classname="jha.spring.springquicklystart.SpringQuicklyStartApplicationTests" time="0.004">
    <system-out><![CDATA[15b19233-4b3b-4315-8aa8-e40b85e97bd0
生成的时间戳: 202503181709.008
]]></system-out>
  </testcase>
  <testcase name="JWTEncoderTest" classname="jha.spring.springquicklystart.SpringQuicklyStartApplicationTests" time="0.027">
    <system-out><![CDATA[eyJ0eXAiOiJKV1QiLCJhbGciOiJIUzI1NiJ9.eyJ1c2VyIjp7InB3ZCI6IjEyMzQ1IiwidXNlcm5hbWUiOiJqaGEifSwiZXhwIjoxNzQyMjkyNTQ4LCJpYXQiOjE3NDIyODg5NDh9.Mkn8klBY7kNdY5mLwhhHY_e0x4y_jVtcLhufSfMz8xM
]]></system-out>
  </testcase>
  <testcase name="uploadTest" classname="jha.spring.springquicklystart.SpringQuicklyStartApplicationTests" time="0.413">
    <system-out><![CDATA[文件上传成功！
]]></system-out>
  </testcase>
  <testcase name="test" classname="jha.spring.springquicklystart.SpringQuicklyStartApplicationTests" time="0.52">
    <system-out><![CDATA[Creating a new SqlSession
SqlSession [org.apache.ibatis.session.defaults.DefaultSqlSession@7a51dc38] was not registered for synchronization because synchronization is not active
2025-03-18T17:09:08.598+08:00  INFO 17444 --- [           main] com.zaxxer.hikari.HikariDataSource       : Spring-QuicklyStart - Starting...
2025-03-18T17:09:08.613+08:00  WARN 17444 --- [           main] c.zaxxer.hikari.util.DriverDataSource    : Registered driver with driverClassName=oracle.jdbc.driver.OracleDriver was not found, trying direct instantiation.
2025-03-18T17:09:08.892+08:00  INFO 17444 --- [           main] com.zaxxer.hikari.pool.HikariPool        : Spring-QuicklyStart - Added connection oracle.jdbc.driver.T4CConnection@767cc126
2025-03-18T17:09:08.894+08:00  INFO 17444 --- [           main] com.zaxxer.hikari.HikariDataSource       : Spring-QuicklyStart - Start completed.
JDBC Connection [HikariProxyConnection@1139305484 wrapping oracle.jdbc.driver.T4CConnection@767cc126] will not be managed by Spring
==>  Preparing: select * from emp
==> Parameters: 
<==    Columns: ID, USERNAME, PASSWORD, GENDER, IMAGE, JOB, ENTRYDATE, DEPT_ID, CREATE_TIME, UPDATE_TIME, IS_USING
<==        Row: 27, testsssser, testsspass, 1, image.jpg, 1, 2025-01-14 14:51:38, 1, 2025-01-14 14:51:38, 2025-01-14 14:51:38, 1
<==        Row: 28, testsssser, testsspass, 1, image.jpg, 1, 2025-01-14 14:51:38, 1, 2025-01-14 14:51:38, 2025-01-14 14:51:38, 1
<==        Row: 29, 阿德, 3, 1, image.jpg, 1, 2025-01-14 14:51:38, 1, 2025-01-14 14:51:38, 2025-01-14 14:51:38, 1
<==        Row: 30, 阿德, 3, 1, image.jpg, 1, 2025-01-14 14:51:38, 1, 2025-01-14 14:51:38, 2025-01-14 14:51:38, 1
<==        Row: 31, 阿德, 3, 1, image.jpg, 1, 2025-01-14 14:51:38, 1, 2025-01-14 14:51:38, 2025-01-14 14:51:38, 1
<==        Row: 32, 阿他德, 3, 1, image.jpg, 1, 2025-01-14 14:51:38, 1, 2025-01-14 14:51:38, 2025-01-14 14:51:38, 1
<==        Row: 1, Jha, 220717, 1, null, 1, 2025-01-14 14:50:24, 1, 2025-01-14 14:50:24, 2025-01-14 14:50:24, 1
<==        Row: 2, QYM, null, 2, null, 1, 2025-01-14 14:51:38, 1, 2025-01-14 14:51:38, 2025-01-14 14:51:38, 1
<==        Row: 3, testuser, testpass, 1, image.jpg, 1, 2025-01-14 08:00:00, 1, 2025-01-14 08:00:00, 2025-01-14 08:00:00, 1
<==        Row: 4, 测试, testpass, 2, image3.jpg, 12, 2025-01-14 14:51:38, 3, 2025-01-14 14:51:38, 2025-01-15 16:52:10, 0
<==        Row: 41, testsssser, testsspass, 1, image.jpg, 1, 2025-01-14 14:51:38, 1, 2025-01-14 14:51:38, 2025-01-14 14:51:38, 1
<==        Row: 42, testsssser, testsspass, 1, image.jpg, 1, 2025-01-14 14:51:38, 1, 2025-01-14 14:51:38, 2025-01-14 14:51:38, 1
<==      Total: 12
Closing non transactional SqlSession [org.apache.ibatis.session.defaults.DefaultSqlSession@7a51dc38]
Emps(id=27, username=testsssser, password=testsspass, gender=1, image=image.jpg, job=1, entrydate=2025-01-14T14:51:38, deptId=1, createTime=2025-01-14T14:51:38, updateTime=2025-01-14T14:51:38, isUsing=1)
Emps(id=28, username=testsssser, password=testsspass, gender=1, image=image.jpg, job=1, entrydate=2025-01-14T14:51:38, deptId=1, createTime=2025-01-14T14:51:38, updateTime=2025-01-14T14:51:38, isUsing=1)
Emps(id=29, username=阿德, password=3, gender=1, image=image.jpg, job=1, entrydate=2025-01-14T14:51:38, deptId=1, createTime=2025-01-14T14:51:38, updateTime=2025-01-14T14:51:38, isUsing=1)
Emps(id=30, username=阿德, password=3, gender=1, image=image.jpg, job=1, entrydate=2025-01-14T14:51:38, deptId=1, createTime=2025-01-14T14:51:38, updateTime=2025-01-14T14:51:38, isUsing=1)
Emps(id=31, username=阿德, password=3, gender=1, image=image.jpg, job=1, entrydate=2025-01-14T14:51:38, deptId=1, createTime=2025-01-14T14:51:38, updateTime=2025-01-14T14:51:38, isUsing=1)
Emps(id=32, username=阿他德, password=3, gender=1, image=image.jpg, job=1, entrydate=2025-01-14T14:51:38, deptId=1, createTime=2025-01-14T14:51:38, updateTime=2025-01-14T14:51:38, isUsing=1)
Emps(id=1, username=Jha, password=220717, gender=1, image=null, job=1, entrydate=2025-01-14T14:50:24, deptId=1, createTime=2025-01-14T14:50:24, updateTime=2025-01-14T14:50:24, isUsing=1)
Emps(id=2, username=QYM, password=null, gender=2, image=null, job=1, entrydate=2025-01-14T14:51:38, deptId=1, createTime=2025-01-14T14:51:38, updateTime=2025-01-14T14:51:38, isUsing=1)
Emps(id=3, username=testuser, password=testpass, gender=1, image=image.jpg, job=1, entrydate=2025-01-14T08:00, deptId=1, createTime=2025-01-14T08:00, updateTime=2025-01-14T08:00, isUsing=1)
Emps(id=4, username=测试, password=testpass, gender=2, image=image3.jpg, job=12, entrydate=2025-01-14T14:51:38, deptId=3, createTime=2025-01-14T14:51:38, updateTime=2025-01-15T16:52:10, isUsing=0)
Emps(id=41, username=testsssser, password=testsspass, gender=1, image=image.jpg, job=1, entrydate=2025-01-14T14:51:38, deptId=1, createTime=2025-01-14T14:51:38, updateTime=2025-01-14T14:51:38, isUsing=1)
Emps(id=42, username=testsssser, password=testsspass, gender=1, image=image.jpg, job=1, entrydate=2025-01-14T14:51:38, deptId=1, createTime=2025-01-14T14:51:38, updateTime=2025-01-14T14:51:38, isUsing=1)
]]></system-out>
  </testcase>
  <testcase name="previewUrlTest" classname="jha.spring.springquicklystart.SpringQuicklyStartApplicationTests" time="0.017">
    <system-out><![CDATA[http://169.254.64.130:9000/jha-test/19_%E5%85%AC%E5%91%8A_page-0001.jpg?X-Amz-Algorithm=AWS4-HMAC-SHA256&X-Amz-Credential=admin%2F20250318%2Fus-east-1%2Fs3%2Faws4_request&X-Amz-Date=20250318T090909Z&X-Amz-Expires=1200&X-Amz-SignedHeaders=host&X-Amz-Signature=6da54ac230323fa457dfee870403fe099b74f707984501daefb3d08a654bbf84
]]></system-out>
  </testcase>
  <testcase name="test2" classname="jha.spring.springquicklystart.SpringQuicklyStartApplicationTests" time="0.015">
    <system-out><![CDATA[解析后的时间：2025-01-17 15:02:21
]]></system-out>
  </testcase>
  <testcase name="uploadTest2" classname="jha.spring.springquicklystart.SpringQuicklyStartApplicationTests" time="0.002">
    <system-out><![CDATA[http://169.254.64.130:9000/
http://169.254.64.130:9000/
]]></system-out>
  </testcase>
  <testcase name="testDeleteEmpByIds" classname="jha.spring.springquicklystart.SpringQuicklyStartApplicationTests" time="0.029">
    <system-out><![CDATA[Creating a new SqlSession
SqlSession [org.apache.ibatis.session.defaults.DefaultSqlSession@3cf7433e] was not registered for synchronization because synchronization is not active
JDBC Connection [HikariProxyConnection@388551431 wrapping oracle.jdbc.driver.T4CConnection@767cc126] will not be managed by Spring
==>  Preparing: delete emp where id in ( ? , ? , ? )
==> Parameters: 21(Integer), 22(Integer), 23(Integer)
<==    Updates: 0
Closing non transactional SqlSession [org.apache.ibatis.session.defaults.DefaultSqlSession@3cf7433e]
0
]]></system-out>
  </testcase>
</testsuite>